<?xml version="1.0" encoding="UTF-8"?>
<!-- Generated by org.testng.reporters.JUnitReportReporter -->
<testsuite skipped="0" hostname="CPWX0054" name="ModifyMyOrder.SampleTest" tests="3" failures="0" timestamp="14 Dec 2017 16:54:33 GMT" time="5.338" errors="0">
  <testcase name="detailedOrderStatusResponse" time="4.357" classname="ModifyMyOrder.SampleTest"/>
  <testcase name="orderDetailByEmailIdResponse" time="0.463" classname="ModifyMyOrder.SampleTest"/>
  <testcase name="orderStatusResponse" time="0.518" classname="ModifyMyOrder.SampleTest"/>
</testsuite> <!-- ModifyMyOrder.SampleTest -->
